src/components/TitleBar.tsx(1,50): error TS2307: Cannot find module 'solid-js' or its corresponding type declarations.
src/components/TitleBar.tsx(180,16): error TS2353: Object literal may only specify known properties, and ''-webkit-app-region'' does not exist in type 'Properties<string | number, string & {}>'.
src/components/TitleBar.tsx(183,12): error TS2322: Type '{ children: Element[]; class: string; }' is not assignable to type 'DetailedHTMLProps<HTMLAttributes<HTMLDivElement>, HTMLDivElement>'.
  Property 'class' does not exist on type 'DetailedHTMLProps<HTMLAttributes<HTMLDivElement>, HTMLDivElement>'. Did you mean 'className'?
src/components/TitleBar.tsx(184,14): error TS2322: Type '{ children: Element; class: string; }' is not assignable to type 'DetailedHTMLProps<HTMLAttributes<HTMLDivElement>, HTMLDivElement>'.
  Property 'class' does not exist on type 'DetailedHTMLProps<HTMLAttributes<HTMLDivElement>, HTMLDivElement>'. Did you mean 'className'?
src/components/TitleBar.tsx(186,13): error TS2353: Object literal may only specify known properties, and ''background-image'' does not exist in type 'Properties<string | number, string & {}>'.
src/components/TitleBar.tsx(195,79): error TS2353: Object literal may only specify known properties, and ''-webkit-app-region'' does not exist in type 'Properties<string | number, string & {}>'.
src/components/TitleBar.tsx(199,17): error TS2322: Type '{ children: string; class: string; classList: { 'bg-[#404040]': boolean; }; onClick: (e: MouseEvent<HTMLDivElement, MouseEvent>) => void; }' is not assignable to type 'DetailedHTMLProps<HTMLAttributes<HTMLDivElement>, HTMLDivElement>'.
  Property 'class' does not exist on type 'DetailedHTMLProps<HTMLAttributes<HTMLDivElement>, HTMLDivElement>'. Did you mean 'className'?
src/components/TitleBar.tsx(201,64): error TS2345: Argument of type 'MouseEvent<HTMLDivElement, MouseEvent>' is not assignable to parameter of type 'MouseEvent'.
  Type 'MouseEvent<HTMLDivElement, MouseEvent>' is missing the following properties from type 'MouseEvent': layerX, layerY, offsetX, offsetY, and 16 more.
src/components/TitleBar.tsx(211,41): error TS2353: Object literal may only specify known properties, and ''-webkit-app-region'' does not exist in type 'Properties<string | number, string & {}>'.
src/components/TitleBar.tsx(213,11): error TS2322: Type '{ children: Element; class: string; onClick: () => Promise<void>; title: string; }' is not assignable to type 'DetailedHTMLProps<ButtonHTMLAttributes<HTMLButtonElement>, HTMLButtonElement>'.
  Property 'class' does not exist on type 'DetailedHTMLProps<ButtonHTMLAttributes<HTMLButtonElement>, HTMLButtonElement>'. Did you mean 'className'?
src/components/TitleBar.tsx(223,11): error TS2322: Type '{ children: Element; class: string; onClick: () => Promise<void>; title: string; }' is not assignable to type 'DetailedHTMLProps<ButtonHTMLAttributes<HTMLButtonElement>, HTMLButtonElement>'.
  Property 'class' does not exist on type 'DetailedHTMLProps<ButtonHTMLAttributes<HTMLButtonElement>, HTMLButtonElement>'. Did you mean 'className'?
src/components/TitleBar.tsx(228,104): error TS2322: Type '{ children: Element; height: string; viewBox: string; width: string; xmlns: string; "xmlns:xlink": string; }' is not assignable to type 'SVGProps<SVGSVGElement>'.
  Property 'xmlns:xlink' does not exist on type 'SVGProps<SVGSVGElement>'. Did you mean 'xmlnsXlink'?
src/components/TitleBar.tsx(233,104): error TS2322: Type '{ children: Element; height: string; viewBox: string; width: string; xmlns: string; "xmlns:xlink": string; }' is not assignable to type 'SVGProps<SVGSVGElement>'.
  Property 'xmlns:xlink' does not exist on type 'SVGProps<SVGSVGElement>'. Did you mean 'xmlnsXlink'?
src/components/TitleBar.tsx(241,11): error TS2322: Type '{ children: Element; class: string; onClick: () => Promise<void>; title: string; }' is not assignable to type 'DetailedHTMLProps<ButtonHTMLAttributes<HTMLButtonElement>, HTMLButtonElement>'.
  Property 'class' does not exist on type 'DetailedHTMLProps<ButtonHTMLAttributes<HTMLButtonElement>, HTMLButtonElement>'. Did you mean 'className'?
src/components/TitleBar.tsx(245,102): error TS2322: Type '{ children: Element; height: string; viewBox: string; width: string; xmlns: string; "xmlns:xlink": string; }' is not assignable to type 'SVGProps<SVGSVGElement>'.
  Property 'xmlns:xlink' does not exist on type 'SVGProps<SVGSVGElement>'. Did you mean 'xmlnsXlink'?
src/components/TitleBar.tsx(259,13): error TS2353: Object literal may only specify known properties, and ''-webkit-app-region'' does not exist in type 'Properties<string | number, string & {}>'.
src/components/TitleBar.tsx(265,59): error TS2322: Type '{ class: string; }' is not assignable to type 'DetailedHTMLProps<HTMLAttributes<HTMLDivElement>, HTMLDivElement>'.
  Property 'class' does not exist on type 'DetailedHTMLProps<HTMLAttributes<HTMLDivElement>, HTMLDivElement>'. Did you mean 'className'?
src/components/TitleBar.tsx(267,19): error TS2322: Type '{ children: Element[]; class: string; onClick: () => void; }' is not assignable to type 'DetailedHTMLProps<HTMLAttributes<HTMLDivElement>, HTMLDivElement>'.
  Property 'class' does not exist on type 'DetailedHTMLProps<HTMLAttributes<HTMLDivElement>, HTMLDivElement>'. Did you mean 'className'?
src/components/TitleBar.tsx(272,27): error TS2322: Type '{ children: string | undefined; class: string; }' is not assignable to type 'DetailedHTMLProps<HTMLAttributes<HTMLSpanElement>, HTMLSpanElement>'.
  Property 'class' does not exist on type 'DetailedHTMLProps<HTMLAttributes<HTMLSpanElement>, HTMLSpanElement>'. Did you mean 'className'?
src/components/TitleBar.tsx(275,27): error TS2322: Type '{ children: string; class: string; }' is not assignable to type 'DetailedHTMLProps<HTMLAttributes<HTMLSpanElement>, HTMLSpanElement>'.
  Property 'class' does not exist on type 'DetailedHTMLProps<HTMLAttributes<HTMLSpanElement>, HTMLSpanElement>'. Did you mean 'className'?
src/components/TitleBar.tsx(287,11): error TS2322: Type '{ class: string; onClick: () => void; }' is not assignable to type 'DetailedHTMLProps<HTMLAttributes<HTMLDivElement>, HTMLDivElement>'.
  Property 'class' does not exist on type 'DetailedHTMLProps<HTMLAttributes<HTMLDivElement>, HTMLDivElement>'. Did you mean 'className'?
src/contexts/WorkbenchContext.tsx(35,7): error TS2353: Object literal may only specify known properties, and 'id' does not exist in type 'FileTab'.
src/contexts/WorkbenchContext.tsx(60,42): error TS2339: Property 'id' does not exist on type 'FileTab'.
src/contexts/WorkbenchContext.tsx(77,15): error TS2484: Export declaration conflicts with exported declaration of 'FileTab'.
src/editor/core/EnhancedEditor.tsx(1,27): error TS6133: 'useEffect' is declared but its value is never read.
src/editor/core/index.ts(14,15): error TS2614: Module '"./LayoutManager"' has no exported member 'LayoutManagerProps'. Did you mean to use 'import LayoutManagerProps from "./LayoutManager"' instead?
src/editor/core/LayoutManager.tsx(141,9): error TS6133: 'isMarkdownFile' is declared but its value is never read.
src/editor/core/SplitLayout.tsx(1,37): error TS2307: Cannot find module 'solid-js' or its corresponding type declarations.
src/editor/core/SplitLayout.tsx(2,64): error TS2307: Cannot find module 'solid-js' or its corresponding type declarations.
src/editor/core/SplitLayout.tsx(16,51): error TS7006: Parameter 'props' implicitly has an 'any' type.
src/editor/core/SplitLayout.tsx(160,7): error TS2322: Type 'HTMLDivElement | undefined' is not assignable to type 'LegacyRef<HTMLDivElement> | undefined'.
  Type 'HTMLDivElement' is not assignable to type 'LegacyRef<HTMLDivElement> | undefined'.
src/editor/core/SplitLayout.tsx(164,12): error TS2322: Type '{ children: any; class: string; style: JSX.CSSProperties; }' is not assignable to type 'DetailedHTMLProps<HTMLAttributes<HTMLDivElement>, HTMLDivElement>'.
  Property 'class' does not exist on type 'DetailedHTMLProps<HTMLAttributes<HTMLDivElement>, HTMLDivElement>'. Did you mean 'className'?
src/editor/core/SplitLayout.tsx(170,11): error TS2322: Type 'HTMLDivElement | undefined' is not assignable to type 'LegacyRef<HTMLDivElement> | undefined'.
  Type 'HTMLDivElement' is not assignable to type 'LegacyRef<HTMLDivElement> | undefined'.
src/editor/core/SplitLayout.tsx(172,11): error TS2322: Type '(e: MouseEvent) => void' is not assignable to type 'MouseEventHandler<HTMLDivElement>'.
  Types of parameters 'e' and 'event' are incompatible.
    Type 'MouseEvent<HTMLDivElement, MouseEvent>' is missing the following properties from type 'MouseEvent': layerX, layerY, offsetX, offsetY, and 16 more.
src/editor/core/SplitLayout.tsx(175,13): error TS2322: Type '{ class: string; style: { opacity: number; }; }' is not assignable to type 'DetailedHTMLProps<HTMLAttributes<HTMLDivElement>, HTMLDivElement>'.
  Property 'class' does not exist on type 'DetailedHTMLProps<HTMLAttributes<HTMLDivElement>, HTMLDivElement>'. Did you mean 'className'?
src/editor/core/SplitLayout.tsx(185,12): error TS2322: Type '{ children: any; class: string; style: JSX.CSSProperties; }' is not assignable to type 'DetailedHTMLProps<HTMLAttributes<HTMLDivElement>, HTMLDivElement>'.
  Property 'class' does not exist on type 'DetailedHTMLProps<HTMLAttributes<HTMLDivElement>, HTMLDivElement>'. Did you mean 'className'?
src/editor/tabbar/index.ts(3,15): error TS2614: Module '"./Tab"' has no exported member 'TabProps'. Did you mean to use 'import TabProps from "./Tab"' instead?
src/editor/tabbar/index.ts(4,15): error TS2614: Module '"./TabBar"' has no exported member 'TabBarProps'. Did you mean to use 'import TabBarProps from "./TabBar"' instead?
src/editor/tabbar/index.ts(4,28): error TS2614: Module '"./TabBar"' has no exported member 'TabData'. Did you mean to use 'import TabData from "./TabBar"' instead?
src/mikoide/workbench.tsx(18,55): error TS2339: Property 'id' does not exist on type 'FileTab'.
src/mikoide/workbench.tsx(22,51): error TS2339: Property 'id' does not exist on type 'FileTab'.
src/mikoide/workbench.tsx(28,46): error TS2339: Property 'id' does not exist on type 'FileTab'.
src/mikoide/workbench.tsx(37,11): error TS2339: Property 'id' does not exist on type 'FileTab'.
src/mikoide/workbench.tsx(51,30): error TS2339: Property 'title' does not exist on type 'FileTab'.
src/mikoide/workbench.tsx(75,7): error TS2353: Object literal may only specify known properties, and 'id' does not exist in type 'FileTab'.
src/mikoide/workbench.tsx(112,11): error TS2339: Property 'id' does not exist on type 'FileTab'.
src/mikoide/workbench.tsx(112,29): error TS2339: Property 'id' does not exist on type 'FileTab'.
src/mikoide/workbench.tsx(119,43): error TS2339: Property 'title' does not exist on type 'FileTab'.
src/mikoide/workbench.tsx(230,9): error TS2322: Type 'FileTab[]' is not assignable to type 'TabData[]'.
  Type 'FileTab' is missing the following properties from type 'TabData': id, title
src/mikoide/workbench.tsx(250,33): error TS2339: Property 'title' does not exist on type 'FileTab'.
